2026-04-19 00:02:49,791 [ERROR] ConfigurationRetriever:142 - IOException on connection: Read timed out
2026-04-19 00:02:51,803 [ERROR] ConfigurationRetriever:142 - IOException on connection: Read timed out
2026-04-19 00:02:53,806 [ERROR] ConfigurationRetriever:142 - IOException on connection: Read timed out
2026-04-19 00:06:16,502 [ERROR] ConfigurationRetriever:142 - IOException on connection: Read timed out
2026-04-19 00:06:18,506 [ERROR] ConfigurationRetriever:142 - IOException on connection: Read timed out
2026-04-19 00:06:20,510 [ERROR] ConfigurationRetriever:142 - IOException on connection: Read timed out
2026-04-19 00:12:27,880 [ERROR] ConfigurationRetriever:142 - IOException on connection: Read timed out
2026-04-19 00:12:29,883 [ERROR] ConfigurationRetriever:142 - IOException on connection: Read timed out
2026-04-19 00:12:31,897 [ERROR] ConfigurationRetriever:142 - IOException on connection: Read timed out
2026-04-19 00:36:53,113 [ERROR] ConfigurationRetriever:142 - IOException on connection: Read timed out
2026-04-19 00:36:55,118 [ERROR] ConfigurationRetriever:142 - IOException on connection: Read timed out
2026-04-19 00:36:57,121 [ERROR] ConfigurationRetriever:142 - IOException on connection: Read timed out
2026-04-19 00:40:01,714 [ERROR] ConfigurationRetriever:142 - IOException on connection: Read timed out
2026-04-19 00:40:03,718 [ERROR] ConfigurationRetriever:142 - IOException on connection: Read timed out
2026-04-19 00:40:05,721 [ERROR] ConfigurationRetriever:142 - IOException on connection: Read timed out
2026-04-19 13:59:16,894 [INFO] Activator:176 - 


2026-04-19 13:59:16,896 [INFO] Activator:177 - !SESSION log4j initialized
2026-04-19 13:59:23,435 [INFO] LogOutputStream:77 - [STDOUT_REDIRECT] 
2026-04-19 13:59:23,810 [ERROR] ConfigurationRetriever:142 - IOException on connection: sw-center.st.com
2026-04-19 13:59:23,811 [ERROR] ConfigurationRetriever:142 - IOException on connection: sw-center.st.com
2026-04-19 13:59:23,812 [ERROR] ConfigurationRetriever:142 - IOException on connection: sw-center.st.com
2026-04-19 14:00:05,336 [ERROR] ConfigurationRetriever:142 - IOException on connection: sw-center.st.com
2026-04-19 14:00:05,337 [ERROR] ConfigurationRetriever:142 - IOException on connection: sw-center.st.com
2026-04-19 14:00:05,338 [ERROR] ConfigurationRetriever:142 - IOException on connection: sw-center.st.com
2026-04-19 14:01:54,137 [ERROR] ConfigurationRetriever:142 - IOException on connection: sw-center.st.com
2026-04-19 14:01:54,139 [ERROR] ConfigurationRetriever:142 - IOException on connection: sw-center.st.com
2026-04-19 14:01:54,140 [ERROR] ConfigurationRetriever:142 - IOException on connection: sw-center.st.com
2026-04-19 14:03:17,520 [ERROR] ConfigurationRetriever:142 - IOException on connection: sw-center.st.com
2026-04-19 14:03:17,522 [ERROR] ConfigurationRetriever:142 - IOException on connection: sw-center.st.com
2026-04-19 14:03:17,523 [ERROR] ConfigurationRetriever:142 - IOException on connection: sw-center.st.com
2026-04-19 14:14:54,408 [ERROR] ConfigurationRetriever:142 - IOException on connection: sw-center.st.com
2026-04-19 14:14:54,409 [ERROR] ConfigurationRetriever:142 - IOException on connection: sw-center.st.com
2026-04-19 14:14:54,409 [ERROR] ConfigurationRetriever:142 - IOException on connection: sw-center.st.com
2026-04-19 14:15:10,302 [ERROR] ConfigurationRetriever:142 - IOException on connection: sw-center.st.com
2026-04-19 14:15:10,304 [ERROR] ConfigurationRetriever:142 - IOException on connection: sw-center.st.com
2026-04-19 14:15:10,305 [ERROR] ConfigurationRetriever:142 - IOException on connection: sw-center.st.com
